C:\Program Files (x86)\Microsoft Visual Studio\2019\Community\MSBuild\Microsoft\VC\v160\Microsoft.CppBuild.targets(459,5): warning MSB8028: The intermediate directory (Debug\) contains files shared from another project (grk-cw9.vcxproj).  This can lead to incorrect clean and rebuild behavior.
  Camera.cpp
  main.cpp
C:\Users\dell\Desktop\z teksturami\bowling\src\main.cpp(60,43): warning C4305: "argument": obcięcie z "double" do "float"
C:\Users\dell\Desktop\z teksturami\bowling\src\main.cpp(472,15): warning C4244: "argument": konwersja z "time_t" do "unsigned int", możliwa utrata danych
  Physics.cpp
  Render_Utils.cpp
  Shader_Loader.cpp
  Texture.cpp
  Generowanie kodu...
  image_DXT.c
C:\Users\dell\Desktop\z teksturami\bowling\src\SOIL\image_DXT.c(92,1): warning C4996: 'fopen': This function or variable may be unsafe. Consider using fopen_s instead. To disable deprecation, use _CRT_SECURE_NO_WARNINGS. See online help for details.
C:\Program Files (x86)\Windows Kits\10\Include\10.0.18362.0\ucrt\stdio.h(208): message : zobacz deklarację „fopen”
  image_helper.c
C:\Users\dell\Desktop\z teksturami\bowling\src\SOIL\image_helper.c(325,1): warning C4244: "inicjowanie": konwersja z "double" do "float", możliwa utrata danych
C:\Users\dell\Desktop\z teksturami\bowling\src\SOIL\image_helper.c(366,58): warning C4244: "=": konwersja z "double" do "float", możliwa utrata danych
C:\Users\dell\Desktop\z teksturami\bowling\src\SOIL\image_helper.c(373,46): warning C4244: "=": konwersja z "float" do "int", możliwa utrata danych
C:\Users\dell\Desktop\z teksturami\bowling\src\SOIL\image_helper.c(415,58): warning C4244: "=": konwersja z "double" do "float", możliwa utrata danych
C:\Users\dell\Desktop\z teksturami\bowling\src\SOIL\image_helper.c(422,62): warning C4244: "=": konwersja z "float" do "int", możliwa utrata danych
  SOIL.c
C:\Users\dell\Desktop\z teksturami\bowling\src\SOIL\SOIL.c(1719,36): warning C4018: "<=": niezgodność typu ze znakiem/bez znaku
C:\Users\dell\Desktop\z teksturami\bowling\src\SOIL\SOIL.c(1729,19): warning C4018: "<": niezgodność typu ze znakiem/bez znaku
C:\Users\dell\Desktop\z teksturami\bowling\src\SOIL\SOIL.c(1841,1): warning C4996: 'fopen': This function or variable may be unsafe. Consider using fopen_s instead. To disable deprecation, use _CRT_SECURE_NO_WARNINGS. See online help for details.
C:\Program Files (x86)\Windows Kits\10\Include\10.0.18362.0\ucrt\stdio.h(208): message : zobacz deklarację „fopen”
  stb_image_aug.c
C:\Users\dell\Desktop\z teksturami\bowling\src\SOIL\stb_image_aug.c(177,1): warning C4996: 'fopen': This function or variable may be unsafe. Consider using fopen_s instead. To disable deprecation, use _CRT_SECURE_NO_WARNINGS. See online help for details.
C:\Program Files (x86)\Windows Kits\10\Include\10.0.18362.0\ucrt\stdio.h(208): message : zobacz deklarację „fopen”
C:\Users\dell\Desktop\z teksturami\bowling\src\SOIL\stb_image_aug.c(251,1): warning C4996: 'fopen': This function or variable may be unsafe. Consider using fopen_s instead. To disable deprecation, use _CRT_SECURE_NO_WARNINGS. See online help for details.
C:\Program Files (x86)\Windows Kits\10\Include\10.0.18362.0\ucrt\stdio.h(208): message : zobacz deklarację „fopen”
C:\Users\dell\Desktop\z teksturami\bowling\src\SOIL\stb_image_aug.c(303,1): warning C4996: 'fopen': This function or variable may be unsafe. Consider using fopen_s instead. To disable deprecation, use _CRT_SECURE_NO_WARNINGS. See online help for details.
C:\Program Files (x86)\Windows Kits\10\Include\10.0.18362.0\ucrt\stdio.h(208): message : zobacz deklarację „fopen”
C:\Users\dell\Desktop\z teksturami\bowling\src\SOIL\stb_image_aug.c(1557,1): warning C4996: 'fopen': This function or variable may be unsafe. Consider using fopen_s instead. To disable deprecation, use _CRT_SECURE_NO_WARNINGS. See online help for details.
C:\Program Files (x86)\Windows Kits\10\Include\10.0.18362.0\ucrt\stdio.h(208): message : zobacz deklarację „fopen”
C:\Users\dell\Desktop\z teksturami\bowling\src\SOIL\stb_image_aug.c(2394,1): warning C4996: 'fopen': This function or variable may be unsafe. Consider using fopen_s instead. To disable deprecation, use _CRT_SECURE_NO_WARNINGS. See online help for details.
C:\Program Files (x86)\Windows Kits\10\Include\10.0.18362.0\ucrt\stdio.h(208): message : zobacz deklarację „fopen”
C:\Users\dell\Desktop\z teksturami\bowling\src\SOIL\stb_image_aug.c(2709,1): warning C4996: 'fopen': This function or variable may be unsafe. Consider using fopen_s instead. To disable deprecation, use _CRT_SECURE_NO_WARNINGS. See online help for details.
C:\Program Files (x86)\Windows Kits\10\Include\10.0.18362.0\ucrt\stdio.h(208): message : zobacz deklarację „fopen”
C:\Users\dell\Desktop\z teksturami\bowling\src\SOIL\stb_image_aug.c(2995,1): warning C4996: 'fopen': This function or variable may be unsafe. Consider using fopen_s instead. To disable deprecation, use _CRT_SECURE_NO_WARNINGS. See online help for details.
C:\Program Files (x86)\Windows Kits\10\Include\10.0.18362.0\ucrt\stdio.h(208): message : zobacz deklarację „fopen”
C:\Users\dell\Desktop\z teksturami\bowling\src\SOIL\stb_image_aug.c(3209,1): warning C4996: 'fopen': This function or variable may be unsafe. Consider using fopen_s instead. To disable deprecation, use _CRT_SECURE_NO_WARNINGS. See online help for details.
C:\Program Files (x86)\Windows Kits\10\Include\10.0.18362.0\ucrt\stdio.h(208): message : zobacz deklarację „fopen”
C:\Users\dell\Desktop\z teksturami\bowling\src\SOIL\stb_image_aug.c(3548,1): warning C4996: 'fopen': This function or variable may be unsafe. Consider using fopen_s instead. To disable deprecation, use _CRT_SECURE_NO_WARNINGS. See online help for details.
C:\Program Files (x86)\Windows Kits\10\Include\10.0.18362.0\ucrt\stdio.h(208): message : zobacz deklarację „fopen”
C:\Users\dell\Desktop\z teksturami\bowling\src\SOIL\stb_image_aug.c(3644,1): warning C4996: 'fopen': This function or variable may be unsafe. Consider using fopen_s instead. To disable deprecation, use _CRT_SECURE_NO_WARNINGS. See online help for details.
C:\Program Files (x86)\Windows Kits\10\Include\10.0.18362.0\ucrt\stdio.h(208): message : zobacz deklarację „fopen”
C:\Users\dell\Desktop\z teksturami\bowling\src\SOIL\stbi_DDS_aug_c.h(362,19): warning C4018: ">": niezgodność typu ze znakiem/bez znaku
C:\Users\dell\Desktop\z teksturami\bowling\src\SOIL\stbi_DDS_aug_c.h(366,19): warning C4018: ">": niezgodność typu ze znakiem/bez znaku
C:\Users\dell\Desktop\z teksturami\bowling\src\SOIL\stbi_DDS_aug_c.h(390,19): warning C4018: "<": niezgodność typu ze znakiem/bez znaku
C:\Users\dell\Desktop\z teksturami\bowling\src\SOIL\stbi_DDS_aug_c.h(427,19): warning C4018: "<": niezgodność typu ze znakiem/bez znaku
C:\Users\dell\Desktop\z teksturami\bowling\src\SOIL\stbi_DDS_aug_c.h(498,1): warning C4996: 'fopen': This function or variable may be unsafe. Consider using fopen_s instead. To disable deprecation, use _CRT_SECURE_NO_WARNINGS. See online help for details.
C:\Program Files (x86)\Windows Kits\10\Include\10.0.18362.0\ucrt\stdio.h(208): message : zobacz deklarację „fopen”
  Generowanie kodu...
Camera.obj : warning LNK4075: zignorowano opcję „/EDITANDCONTINUE” z powodu określenia opcji „/INCREMENTAL:NO”
PhysXExtensions_static_32.lib(ExtCpuWorkerThread.obj) : warning LNK4099: nie znaleziono pliku PDB „PhysXExtensions_static_32.pdb” z elementem „PhysXExtensions_static_32.lib(ExtCpuWorkerThread.obj)” lub w pozycji „C:\Users\dell\Desktop\z teksturami\bowling\Debug\PhysXExtensions_static_32.pdb”; obiekt zostanie skonsolidowany bez informacji debugowania
PhysXExtensions_static_32.lib(ExtDefaultCpuDispatcher.obj) : warning LNK4099: nie znaleziono pliku PDB „PhysXExtensions_static_32.pdb” z elementem „PhysXExtensions_static_32.lib(ExtDefaultCpuDispatcher.obj)” lub w pozycji „C:\Users\dell\Desktop\z teksturami\bowling\Debug\PhysXExtensions_static_32.pdb”; obiekt zostanie skonsolidowany bez informacji debugowania
PhysXExtensions_static_32.lib(ExtDefaultErrorCallback.obj) : warning LNK4099: nie znaleziono pliku PDB „PhysXExtensions_static_32.pdb” z elementem „PhysXExtensions_static_32.lib(ExtDefaultErrorCallback.obj)” lub w pozycji „C:\Users\dell\Desktop\z teksturami\bowling\Debug\PhysXExtensions_static_32.pdb”; obiekt zostanie skonsolidowany bez informacji debugowania
PhysXExtensions_static_32.lib(ExtDefaultSimulationFilterShader.obj) : warning LNK4099: nie znaleziono pliku PDB „PhysXExtensions_static_32.pdb” z elementem „PhysXExtensions_static_32.lib(ExtDefaultSimulationFilterShader.obj)” lub w pozycji „C:\Users\dell\Desktop\z teksturami\bowling\Debug\PhysXExtensions_static_32.pdb”; obiekt zostanie skonsolidowany bez informacji debugowania
PhysXExtensions_static_32.lib(ExtRigidBodyExt.obj) : warning LNK4099: nie znaleziono pliku PDB „PhysXExtensions_static_32.pdb” z elementem „PhysXExtensions_static_32.lib(ExtRigidBodyExt.obj)” lub w pozycji „C:\Users\dell\Desktop\z teksturami\bowling\Debug\PhysXExtensions_static_32.pdb”; obiekt zostanie skonsolidowany bez informacji debugowania
  grk-cw9.vcxproj -> C:\Users\dell\Desktop\z teksturami\bowling\Debug\bowling_Kurz.exe
