c:\users\weronika\desktop\studies\ii year, ii semester\computer graphics\project\bowling\debug\vc142.pdb
c:\users\weronika\desktop\studies\ii year, ii semester\computer graphics\project\bowling\debug\vc142.idb
c:\users\weronika\desktop\studies\ii year, ii semester\computer graphics\project\bowling\debug\texture.obj
c:\users\weronika\desktop\studies\ii year, ii semester\computer graphics\project\bowling\debug\shader_loader.obj
c:\users\weronika\desktop\studies\ii year, ii semester\computer graphics\project\bowling\debug\render_utils.obj
c:\users\weronika\desktop\studies\ii year, ii semester\computer graphics\project\bowling\debug\physics.obj
c:\users\weronika\desktop\studies\ii year, ii semester\computer graphics\project\bowling\debug\main_9.obj
c:\users\weronika\desktop\studies\ii year, ii semester\computer graphics\project\bowling\debug\camera.obj
c:\users\weronika\desktop\studies\ii year, ii semester\computer graphics\project\bowling\debug\stb_image_aug.obj
c:\users\weronika\desktop\studies\ii year, ii semester\computer graphics\project\bowling\debug\soil.obj
c:\users\weronika\desktop\studies\ii year, ii semester\computer graphics\project\bowling\debug\image_helper.obj
c:\users\weronika\desktop\studies\ii year, ii semester\computer graphics\project\bowling\debug\image_dxt.obj
c:\users\weronika\desktop\studies\ii year, ii semester\computer graphics\project\bowling\debug\grk-cw9.pdb
c:\users\weronika\desktop\studies\ii year, ii semester\computer graphics\project\bowling\debug\grk-cw9.exe
c:\users\weronika\desktop\studies\ii year, ii semester\computer graphics\project\bowling\debug\grk-cw9.tlog\cl.command.1.tlog
c:\users\weronika\desktop\studies\ii year, ii semester\computer graphics\project\bowling\debug\grk-cw9.tlog\cl.read.1.tlog
c:\users\weronika\desktop\studies\ii year, ii semester\computer graphics\project\bowling\debug\grk-cw9.tlog\cl.write.1.tlog
c:\users\weronika\desktop\studies\ii year, ii semester\computer graphics\project\bowling\debug\grk-cw9.tlog\link.command.1.tlog
c:\users\weronika\desktop\studies\ii year, ii semester\computer graphics\project\bowling\debug\grk-cw9.tlog\link.read.1.tlog
c:\users\weronika\desktop\studies\ii year, ii semester\computer graphics\project\bowling\debug\grk-cw9.tlog\link.write.1.tlog
